app/build/intermediates/manifest_merge_blame_file/debug/processDebugMainManifest/manifest-merger-blame-debug-report.txt
1<?xml version="1.0" encoding="utf-8"?>
2<manifest xmlns:android="http://schemas.android.com/apk/res/android"
3    package="com.pepe.musicplayer"
4    android:versionCode="1"
5    android:versionName="1.0" >
6
7    <uses-sdk
8        android:minSdkVersion="26"
9        android:targetSdkVersion="34" />
10
11    <uses-permission android:name="android.permission.FOREGROUND_SERVICE" />
11-->src\main\AndroidManifest.xml:4:5-77
11-->src\main\AndroidManifest.xml:4:22-74
12    <uses-permission android:name="android.permission.FOREGROUND_SERVICE_MEDIA_PLAYBACK" />
12-->src\main\AndroidManifest.xml:5:5-92
12-->src\main\AndroidManifest.xml:5:22-89
13    <uses-permission android:name="android.permission.POST_NOTIFICATIONS" />
13-->src\main\AndroidManifest.xml:6:5-77
13-->src\main\AndroidManifest.xml:6:22-74
14    <uses-permission android:name="android.permission.WAKE_LOCK" />
14-->src\main\AndroidManifest.xml:7:5-68
14-->src\main\AndroidManifest.xml:7:22-65
15    <uses-permission android:name="android.permission.ACCESS_NETWORK_STATE" />
15-->[androidx.media3:media3-common:1.3.1] AndroidManifest.xml:22:5-79
15-->[androidx.media3:media3-common:1.3.1] AndroidManifest.xml:22:22-76
16
17    <permission
17-->[androidx.core:core:1.13.1] AndroidManifest.xml:22:5-24:47
18        android:name="com.pepe.musicplayer.DYNAMIC_RECEIVER_NOT_EXPORTED_PERMISSION"
18-->[androidx.core:core:1.13.1] AndroidManifest.xml:23:9-81
19        android:protectionLevel="signature" />
19-->[androidx.core:core:1.13.1] AndroidManifest.xml:24:9-44
20
21    <uses-permission android:name="com.pepe.musicplayer.DYNAMIC_RECEIVER_NOT_EXPORTED_PERMISSION" />
21-->[androidx.core:core:1.13.1] AndroidManifest.xml:26:5-97
21-->[androidx.core:core:1.13.1] AndroidManifest.xml:26:22-94
22
23    <application
23-->src\main\AndroidManifest.xml:9:5-37:19
24        android:name="com.pepe.musicplayer.MusicPlayerApp"
24-->src\main\AndroidManifest.xml:15:9-39
25        android:allowBackup="true"
25-->src\main\AndroidManifest.xml:10:9-35
26        android:appComponentFactory="androidx.core.app.CoreComponentFactory"
26-->[androidx.core:core:1.13.1] AndroidManifest.xml:28:18-86
27        android:debuggable="true"
28        android:extractNativeLibs="false"
29        android:icon="@drawable/catunes"
29-->src\main\AndroidManifest.xml:11:9-41
30        android:label="@string/app_name"
30-->src\main\AndroidManifest.xml:13:9-41
31        android:roundIcon="@drawable/catunes"
31-->src\main\AndroidManifest.xml:12:9-46
32        android:supportsRtl="true"
32-->src\main\AndroidManifest.xml:16:9-35
33        android:theme="@style/Theme.MusicPlayer" >
33-->src\main\AndroidManifest.xml:14:9-49
34        <activity
34-->src\main\AndroidManifest.xml:18:9-26:20
35            android:name="com.pepe.musicplayer.MainActivity"
35-->src\main\AndroidManifest.xml:19:13-41
36            android:exported="true"
36-->src\main\AndroidManifest.xml:20:13-36
37            android:launchMode="singleTop" >
37-->src\main\AndroidManifest.xml:21:13-43
38            <intent-filter>
38-->src\main\AndroidManifest.xml:22:13-25:29
39                <action android:name="android.intent.action.MAIN" />
39-->src\main\AndroidManifest.xml:23:17-69
39-->src\main\AndroidManifest.xml:23:25-66
40
41                <category android:name="android.intent.category.LAUNCHER" />
41-->src\main\AndroidManifest.xml:24:17-77
41-->src\main\AndroidManifest.xml:24:27-74
42            </intent-filter>
43        </activity>
44
45        <service
45-->src\main\AndroidManifest.xml:28:9-35:19
46            android:name="com.pepe.musicplayer.playback.PlaybackService"
46-->src\main\AndroidManifest.xml:29:13-53
47            android:exported="true"
47-->src\main\AndroidManifest.xml:30:13-36
48            android:foregroundServiceType="mediaPlayback" >
48-->src\main\AndroidManifest.xml:31:13-58
49            <intent-filter>
49-->src\main\AndroidManifest.xml:32:13-34:29
50                <action android:name="androidx.media3.session.MediaSessionService" />
50-->src\main\AndroidManifest.xml:33:17-86
50-->src\main\AndroidManifest.xml:33:25-83
51            </intent-filter>
52        </service>
53
54        <activity
54-->[androidx.compose.ui:ui-tooling-android:1.6.7] AndroidManifest.xml:23:9-25:39
55            android:name="androidx.compose.ui.tooling.PreviewActivity"
55-->[androidx.compose.ui:ui-tooling-android:1.6.7] AndroidManifest.xml:24:13-71
56            android:exported="true" />
56-->[androidx.compose.ui:ui-tooling-android:1.6.7] AndroidManifest.xml:25:13-36
57
58        <provider
58-->[androidx.emoji2:emoji2:1.3.0] AndroidManifest.xml:24:9-32:20
59            android:name="androidx.startup.InitializationProvider"
59-->[androidx.emoji2:emoji2:1.3.0] AndroidManifest.xml:25:13-67
60            android:authorities="com.pepe.musicplayer.androidx-startup"
60-->[androidx.emoji2:emoji2:1.3.0] AndroidManifest.xml:26:13-68
61            android:exported="false" >
61-->[androidx.emoji2:emoji2:1.3.0] AndroidManifest.xml:27:13-37
62            <meta-data
62-->[androidx.emoji2:emoji2:1.3.0] AndroidManifest.xml:29:13-31:52
63                android:name="androidx.emoji2.text.EmojiCompatInitializer"
63-->[androidx.emoji2:emoji2:1.3.0] AndroidManifest.xml:30:17-75
64                android:value="androidx.startup" />
64-->[androidx.emoji2:emoji2:1.3.0] AndroidManifest.xml:31:17-49
65            <meta-data
65-->[androidx.lifecycle:lifecycle-process:2.8.1] AndroidManifest.xml:29:13-31:52
66                android:name="androidx.lifecycle.ProcessLifecycleInitializer"
66-->[androidx.lifecycle:lifecycle-process:2.8.1] AndroidManifest.xml:30:17-78
67                android:value="androidx.startup" />
67-->[androidx.lifecycle:lifecycle-process:2.8.1] AndroidManifest.xml:31:17-49
68            <meta-data
68-->[androidx.profileinstaller:profileinstaller:1.3.1] AndroidManifest.xml:29:13-31:52
69                android:name="androidx.profileinstaller.ProfileInstallerInitializer"
69-->[androidx.profileinstaller:profileinstaller:1.3.1] AndroidManifest.xml:30:17-85
70                android:value="androidx.startup" />
70-->[androidx.profileinstaller:profileinstaller:1.3.1] AndroidManifest.xml:31:17-49
71        </provider>
72
73        <service
73-->[androidx.room:room-runtime:2.6.1] AndroidManifest.xml:24:9-28:63
74            android:name="androidx.room.MultiInstanceInvalidationService"
74-->[androidx.room:room-runtime:2.6.1] AndroidManifest.xml:25:13-74
75            android:directBootAware="true"
75-->[androidx.room:room-runtime:2.6.1] AndroidManifest.xml:26:13-43
76            android:exported="false" />
76-->[androidx.room:room-runtime:2.6.1] AndroidManifest.xml:27:13-37
77
78        <receiver
78-->[androidx.profileinstaller:profileinstaller:1.3.1] AndroidManifest.xml:34:9-52:20
79            android:name="androidx.profileinstaller.ProfileInstallReceiver"
79-->[androidx.profileinstaller:profileinstaller:1.3.1] AndroidManifest.xml:35:13-76
80            android:directBootAware="false"
80-->[androidx.profileinstaller:profileinstaller:1.3.1] AndroidManifest.xml:36:13-44
81            android:enabled="true"
81-->[androidx.profileinstaller:profileinstaller:1.3.1] AndroidManifest.xml:37:13-35
82            android:exported="true"
82-->[androidx.profileinstaller:profileinstaller:1.3.1] AndroidManifest.xml:38:13-36
83            android:permission="android.permission.DUMP" >
83-->[androidx.profileinstaller:profileinstaller:1.3.1] AndroidManifest.xml:39:13-57
84            <intent-filter>
84-->[androidx.profileinstaller:profileinstaller:1.3.1] AndroidManifest.xml:40:13-42:29
85                <action android:name="androidx.profileinstaller.action.INSTALL_PROFILE" />
85-->[androidx.profileinstaller:profileinstaller:1.3.1] AndroidManifest.xml:41:17-91
85-->[androidx.profileinstaller:profileinstaller:1.3.1] AndroidManifest.xml:41:25-88
86            </intent-filter>
87            <intent-filter>
87-->[androidx.profileinstaller:profileinstaller:1.3.1] AndroidManifest.xml:43:13-45:29
88                <action android:name="androidx.profileinstaller.action.SKIP_FILE" />
88-->[androidx.profileinstaller:profileinstaller:1.3.1] AndroidManifest.xml:44:17-85
88-->[androidx.profileinstaller:profileinstaller:1.3.1] AndroidManifest.xml:44:25-82
89            </intent-filter>
90            <intent-filter>
90-->[androidx.profileinstaller:profileinstaller:1.3.1] AndroidManifest.xml:46:13-48:29
91                <action android:name="androidx.profileinstaller.action.SAVE_PROFILE" />
91-->[androidx.profileinstaller:profileinstaller:1.3.1] AndroidManifest.xml:47:17-88
91-->[androidx.profileinstaller:profileinstaller:1.3.1] AndroidManifest.xml:47:25-85
92            </intent-filter>
93            <intent-filter>
93-->[androidx.profileinstaller:profileinstaller:1.3.1] AndroidManifest.xml:49:13-51:29
94                <action android:name="androidx.profileinstaller.action.BENCHMARK_OPERATION" />
94-->[androidx.profileinstaller:profileinstaller:1.3.1] AndroidManifest.xml:50:17-95
94-->[androidx.profileinstaller:profileinstaller:1.3.1] AndroidManifest.xml:50:25-92
95            </intent-filter>
96        </receiver>
97    </application>
98
99</manifest>